# truffle migrate --reset --compile-all --network moonbase

Compiling your contracts...
===========================
✓ Fetching solc version list from solc-bin. Attempt #1
> Compiling ./contracts/Flipper.sol
> Compiling ./contracts/Migrations.sol
> Artifacts written to /app/dapps/evm/flipper/build/contracts
> Compiled successfully using:
   - solc: 0.8.20+commit.a1b79de6.Emscripten.clang


Starting migrations...
======================
> Network name:    'moonbase'
> Network id:      1287
> Block gas limit: 15000000 (0xe4e1c0)


1_initial_migration.js
======================

   Deploying 'Migrations'
   ----------------------
   > transaction hash:    0x298584422c67c41b93f62adb5c828fd3690d8bc6ccbf37d82dcab78e12fad8cd
   > Blocks: 1            Seconds: 24
   > contract address:    0xE691d9f144Ae51139f2f8571CA3b0cd17Db8D5A0
   > block number:        4583829
   > block timestamp:     1687339224
   > account:             0x1dd907ABb024E17d196de0D7Fe8EB507b6cCaae7
   > balance:             1.099467316625
   > gas used:            202927 (0x318af)
   > gas price:           2.625 gwei
   > value sent:          0 ETH
   > total cost:          0.000532683375 ETH

   > Saving migration to chain.
   > Saving artifacts
   -------------------------------------
   > Total cost:      0.000532683375 ETH


2_deploy_contracts.js
=====================

   Deploying 'Flipper'
   -------------------
   > transaction hash:    0x5e64f8df75775a48abe17c4c82cbca6188800d9df529f2cd7d276266aefd0c0b
   > Blocks: 1            Seconds: 32
   > contract address:    0xa59A2606CFDAE99a18977987655a995415C39013
   > block number:        4583832
   > block timestamp:     1687339284
   > account:             0x1dd907ABb024E17d196de0D7Fe8EB507b6cCaae7
   > balance:             1.099048020125
   > gas used:            113819 (0x1bc9b)
   > gas price:           2.625 gwei
   > value sent:          0 ETH
   > total cost:          0.000298774875 ETH

   > Saving migration to chain.
   > Saving artifacts
   -------------------------------------
   > Total cost:      0.000298774875 ETH

Summary
=======
> Total deployments:   2
> Final cost:          0.00083145825 ETH
